<?xml version="1.0" encoding="utf-8"?><testsuites name="pytest tests"><testsuite name="pytest" errors="0" failures="0" skipped="0" tests="7" time="0.617" timestamp="2025-11-18T15:38:05.272371-03:00" hostname="devgege"><testcase classname="tests.test_load" name="test_load_positive_has_2_people" time="0.001" /><testcase classname="tests.test_load" name="test_load_positive_first_name_starts_with" time="0.001" /><testcase classname="integration.test_load" name="test_load_positive_call_load_command" time="0.076" /><testcase classname="integration.test_load" name="test_load_negative_call_load_command_with_wrong_params[loady]" time="0.140" /><testcase classname="integration.test_load" name="test_load_negative_call_load_command_with_wrong_params[carregar]" time="0.117" /><testcase classname="integration.test_load" name="test_load_negative_call_load_command_with_wrong_params[start]" time="0.128" /><testcase classname="integration.test_load" name="test_load_negative_call_load_command_with_wrong_params[comando]" time="0.118" /></testsuite></testsuites>