<?xml version="1.0" encoding="utf-8"?><testsuites name="pytest tests"><testsuite name="pytest" errors="0" failures="0" skipped="0" tests="6" time="0.866" timestamp="2025-11-18T20:56:28.611714-03:00" hostname="devgege"><testcase classname="tests.test_load" name="test_load_positive_has_2_people" time="0.034" /><testcase classname="tests.test_load" name="test_load_positive_first_name_starts_with" time="0.001" /><testcase classname="integration.test_load" name="test_load_positive_call_load_command" time="0.150" /><testcase classname="integration.test_load" name="test_load_negative_call_load_command_with_wrong_params[loady]" time="0.235" /><testcase classname="integration.test_load" name="test_load_negative_call_load_command_with_wrong_params[carrega]" time="0.127" /><testcase classname="integration.test_load" name="test_load_negative_call_load_command_with_wrong_params[start]" time="0.129" /></testsuite></testsuites>